manifest-merger-release-report.txt
-- Merging decision tree log ---
manifest
ADDED from AndroidManifest.xml:18:1
	xmlns:android
		ADDED from AndroidManifest.xml:18:11
	package
		ADDED from AndroidManifest.xml:19:5
		INJECTED from AndroidManifest.xml:0:0
		INJECTED from AndroidManifest.xml:0:0
	android:versionName
		ADDED from AndroidManifest.xml:22:5
	android:versionCode
		ADDED from AndroidManifest.xml:21:5
		INJECTED from AndroidManifest.xml:0:0
		INJECTED from AndroidManifest.xml:0:0
	android:installLocation
		ADDED from AndroidManifest.xml:20:5
uses-sdk
ADDED from AndroidManifest.xml:24:5
MERGED from TintBrowser:tintBrowserAddonFrameworkLibrary:unspecified:24:5
	android:targetSdkVersion
		ADDED from AndroidManifest.xml:24:42
		INJECTED from AndroidManifest.xml:0:0
		INJECTED from AndroidManifest.xml:0:0
	android:minSdkVersion
		ADDED from AndroidManifest.xml:24:15
		INJECTED from AndroidManifest.xml:0:0
		INJECTED from AndroidManifest.xml:0:0
permission#org.sarnamid.permissions.bookmarksprovider.READ
ADDED from AndroidManifest.xml:26:5
	android:label
		ADDED from AndroidManifest.xml:27:9
	android:protectionLevel
		ADDED from AndroidManifest.xml:30:9
	android:description
		ADDED from AndroidManifest.xml:28:9
	android:permissionGroup
		ADDED from AndroidManifest.xml:29:9
	android:name
		ADDED from AndroidManifest.xml:26:17
permission#org.sarnamid.permissions.bookmarksprovider.WRITE
ADDED from AndroidManifest.xml:32:5
	android:label
		ADDED from AndroidManifest.xml:33:9
	android:protectionLevel
		ADDED from AndroidManifest.xml:36:9
	android:description
		ADDED from AndroidManifest.xml:34:9
	android:permissionGroup
		ADDED from AndroidManifest.xml:35:9
	android:name
		ADDED from AndroidManifest.xml:32:17
permission#org.sarnamid.permissions.services.ADDONS
ADDED from AndroidManifest.xml:38:5
	android:label
		ADDED from AndroidManifest.xml:39:9
	android:protectionLevel
		ADDED from AndroidManifest.xml:41:9
	android:description
		ADDED from AndroidManifest.xml:40:9
	android:name
		ADDED from AndroidManifest.xml:38:17
uses-permission#org.sarnamid.permissions.services.ADDONS
ADDED from AndroidManifest.xml:43:5
	android:name
		ADDED from AndroidManifest.xml:43:22
uses-permission#android.permission.INTERNET
ADDED from AndroidManifest.xml:45:5
	android:name
		ADDED from AndroidManifest.xml:45:22
uses-permission#android.permission.WRITE_EXTERNAL_STORAGE
ADDED from AndroidManifest.xml:46:5
	android:name
		ADDED from AndroidManifest.xml:46:22
uses-permission#android.permission.ACCESS_COARSE_LOCATION
ADDED from AndroidManifest.xml:47:5
	android:name
		ADDED from AndroidManifest.xml:47:22
application
ADDED from AndroidManifest.xml:49:5
	android:label
		ADDED from AndroidManifest.xml:51:9
	android:allowBackup
		ADDED from AndroidManifest.xml:53:9
	android:icon
		ADDED from AndroidManifest.xml:50:9
	android:theme
		ADDED from AndroidManifest.xml:52:9
	android:hardwareAccelerated
		ADDED from AndroidManifest.xml:54:9
activity#org.sarnamid.ui.activities.ImlieActivity
ADDED from AndroidManifest.xml:56:9
	android:label
		ADDED from AndroidManifest.xml:57:13
	android:configChanges
		ADDED from AndroidManifest.xml:60:13
	android:name
		ADDED from AndroidManifest.xml:58:13
	android:launchMode
		ADDED from AndroidManifest.xml:59:13
intent-filter#android.intent.action.MAIN+android.intent.category.LAUNCHER
ADDED from AndroidManifest.xml:61:13
action#android.intent.action.MAIN
ADDED from AndroidManifest.xml:62:17
	android:name
		ADDED from AndroidManifest.xml:62:25
category#android.intent.category.LAUNCHER
ADDED from AndroidManifest.xml:63:17
	android:name
		ADDED from AndroidManifest.xml:63:27
intent-filter#android.intent.action.VIEW+android.intent.category.BROWSABLE+android.intent.category.DEFAULT
ADDED from AndroidManifest.xml:65:13
action#android.intent.action.VIEW
ADDED from AndroidManifest.xml:66:5
	android:name
		ADDED from AndroidManifest.xml:66:13
category#android.intent.category.DEFAULT
ADDED from AndroidManifest.xml:67:5
	android:name
		ADDED from AndroidManifest.xml:67:15
category#android.intent.category.BROWSABLE
ADDED from AndroidManifest.xml:68:5
	android:name
		ADDED from AndroidManifest.xml:68:15
data
ADDED from AndroidManifest.xml:69:5
	android:scheme
		ADDED from AndroidManifest.xml:69:11
activity#org.sarnamid.ui.preferences.PreferencesActivity
ADDED from AndroidManifest.xml:74:9
	android:label
		ADDED from AndroidManifest.xml:74:70
	android:name
		ADDED from AndroidManifest.xml:74:19
activity#org.sarnamid.ui.activities.BookmarksActivity
ADDED from AndroidManifest.xml:75:9
	android:name
		ADDED from AndroidManifest.xml:75:19
activity#org.sarnamid.ui.activities.EditBookmarkActivity
ADDED from AndroidManifest.xml:76:9
	android:theme
		ADDED from AndroidManifest.xml:76:70
	android:name
		ADDED from AndroidManifest.xml:76:19
provider#org.sarnamid.providers.BookmarksProvider
ADDED from AndroidManifest.xml:78:9
	android:exported
		ADDED from AndroidManifest.xml:81:13
	android:authorities
		ADDED from AndroidManifest.xml:80:13
	android:readPermission
		ADDED from AndroidManifest.xml:82:13
	android:name
		ADDED from AndroidManifest.xml:79:13
	android:writePermission
		ADDED from AndroidManifest.xml:83:13
provider#org.sarnamid.providers.SslExceptionsProvider
ADDED from AndroidManifest.xml:85:9
	android:exported
		ADDED from AndroidManifest.xml:88:13
	android:authorities
		ADDED from AndroidManifest.xml:87:13
	android:name
		ADDED from AndroidManifest.xml:86:13